<?xml version="1.0" encoding="UTF-8"?>
<testsuite name="agh.ics.oop.RectangularMapTest" tests="4" skipped="0" failures="0" errors="0" timestamp="2022-11-29T20:23:48" hostname="LAPTOP-M05EVE9S" time="0.041">
  <properties/>
  <testcase name="objectAtTest()" classname="agh.ics.oop.RectangularMapTest" time="0.033"/>
  <testcase name="canMoveTo()" classname="agh.ics.oop.RectangularMapTest" time="0.001"/>
  <testcase name="isOccupied()" classname="agh.ics.oop.RectangularMapTest" time="0.001"/>
  <testcase name="place()" classname="agh.ics.oop.RectangularMapTest" time="0.004"/>
  <system-out><![CDATA[(5,8) place
]]></system-out>
  <system-err><![CDATA[]]></system-err>
</testsuite>
