<?xml version="1.0" encoding="UTF-8"?>
<testsuite name="agh.ics.oop.RectangularMapTest" tests="4" skipped="0" failures="0" errors="0" timestamp="2022-11-22T22:55:23" hostname="LAPTOP-M05EVE9S" time="0.028">
  <properties/>
  <testcase name="objectAtTest()" classname="agh.ics.oop.RectangularMapTest" time="0.025"/>
  <testcase name="canMoveTo()" classname="agh.ics.oop.RectangularMapTest" time="0.002"/>
  <testcase name="isOccupied()" classname="agh.ics.oop.RectangularMapTest" time="0.0"/>
  <testcase name="place()" classname="agh.ics.oop.RectangularMapTest" time="0.0"/>
  <system-out><![CDATA[]]></system-out>
  <system-err><![CDATA[]]></system-err>
</testsuite>
