<?xml version="1.0" encoding="UTF-8"?>
<testsuite name="agh.ics.oop.WorldIT" tests="1" skipped="0" failures="0" errors="0" timestamp="2022-10-23T03:34:56" hostname="LAPTOP-M05EVE9S" time="0.012">
  <properties/>
  <testcase name="dataTest()" classname="agh.ics.oop.WorldIT" time="0.012"/>
  <system-out><![CDATA[]]></system-out>
  <system-err><![CDATA[]]></system-err>
</testsuite>
