<?xml version="1.0" encoding="UTF-8"?>
<testsuite name="agh.ics.oop.Vector2dTest" tests="9" skipped="0" failures="0" errors="0" timestamp="2022-10-18T02:03:16" hostname="LAPTOP-M05EVE9S" time="0.017">
  <properties/>
  <testcase name="substractTest()" classname="agh.ics.oop.Vector2dTest" time="0.012"/>
  <testcase name="upperRightTest()" classname="agh.ics.oop.Vector2dTest" time="0.001"/>
  <testcase name="addTest()" classname="agh.ics.oop.Vector2dTest" time="0.0"/>
  <testcase name="precedesTest()" classname="agh.ics.oop.Vector2dTest" time="0.0"/>
  <testcase name="oppositeTest()" classname="agh.ics.oop.Vector2dTest" time="0.001"/>
  <testcase name="lowerLeftTest()" classname="agh.ics.oop.Vector2dTest" time="0.0"/>
  <testcase name="equalsTest()" classname="agh.ics.oop.Vector2dTest" time="0.001"/>
  <testcase name="toStringTest()" classname="agh.ics.oop.Vector2dTest" time="0.0"/>
  <testcase name="followsTest()" classname="agh.ics.oop.Vector2dTest" time="0.0"/>
  <system-out><![CDATA[]]></system-out>
  <system-err><![CDATA[]]></system-err>
</testsuite>
